0 info it worked if it ends with ok
1 verbose cli [ '/usr/bin/node', '/usr/bin/npm', 'install' ]
2 info using npm@1.4.28
3 info using node@v0.10.36
4 verbose node symlink /usr/bin/node
5 warn package.json Memorama@0.1.0 No description
6 warn package.json Memorama@0.1.0 No repository field.
7 warn package.json Memorama@0.1.0 No README data
8 verbose readDependencies using package.json deps
9 verbose install where, deps [ '/home/fernando/Documentos/programacion/javascript/memorama',
9 verbose install   [ 'grunt',
9 verbose install     'grunt-browserify',
9 verbose install     'grunt-contrib-watch',
9 verbose install     'grunt-shell' ] ]
10 info preinstall Memorama@0.1.0
11 verbose readDependencies using package.json deps
12 verbose cache add [ 'grunt@^0.4.5', null ]
13 verbose cache add name=undefined spec="grunt@^0.4.5" args=["grunt@^0.4.5",null]
14 verbose parsed url { protocol: null,
14 verbose parsed url   slashes: null,
14 verbose parsed url   auth: null,
14 verbose parsed url   host: null,
14 verbose parsed url   port: null,
14 verbose parsed url   hostname: null,
14 verbose parsed url   hash: null,
14 verbose parsed url   search: null,
14 verbose parsed url   query: null,
14 verbose parsed url   pathname: 'grunt@^0.4.5',
14 verbose parsed url   path: 'grunt@^0.4.5',
14 verbose parsed url   href: 'grunt@^0.4.5' }
15 verbose cache add [ 'grunt-browserify@^4.0.1', null ]
16 verbose cache add name=undefined spec="grunt-browserify@^4.0.1" args=["grunt-browserify@^4.0.1",null]
17 verbose parsed url { protocol: null,
17 verbose parsed url   slashes: null,
17 verbose parsed url   auth: null,
17 verbose parsed url   host: null,
17 verbose parsed url   port: null,
17 verbose parsed url   hostname: null,
17 verbose parsed url   hash: null,
17 verbose parsed url   search: null,
17 verbose parsed url   query: null,
17 verbose parsed url   pathname: 'grunt-browserify@^4.0.1',
17 verbose parsed url   path: 'grunt-browserify@^4.0.1',
17 verbose parsed url   href: 'grunt-browserify@^4.0.1' }
18 verbose cache add [ 'grunt-contrib-watch@^0.6.1', null ]
19 verbose cache add name=undefined spec="grunt-contrib-watch@^0.6.1" args=["grunt-contrib-watch@^0.6.1",null]
20 verbose parsed url { protocol: null,
20 verbose parsed url   slashes: null,
20 verbose parsed url   auth: null,
20 verbose parsed url   host: null,
20 verbose parsed url   port: null,
20 verbose parsed url   hostname: null,
20 verbose parsed url   hash: null,
20 verbose parsed url   search: null,
20 verbose parsed url   query: null,
20 verbose parsed url   pathname: 'grunt-contrib-watch@^0.6.1',
20 verbose parsed url   path: 'grunt-contrib-watch@^0.6.1',
20 verbose parsed url   href: 'grunt-contrib-watch@^0.6.1' }
21 verbose cache add [ 'grunt-shell@^1.1.2', null ]
22 verbose cache add name=undefined spec="grunt-shell@^1.1.2" args=["grunt-shell@^1.1.2",null]
23 verbose parsed url { protocol: null,
23 verbose parsed url   slashes: null,
23 verbose parsed url   auth: null,
23 verbose parsed url   host: null,
23 verbose parsed url   port: null,
23 verbose parsed url   hostname: null,
23 verbose parsed url   hash: null,
23 verbose parsed url   search: null,
23 verbose parsed url   query: null,
23 verbose parsed url   pathname: 'grunt-shell@^1.1.2',
23 verbose parsed url   path: 'grunt-shell@^1.1.2',
23 verbose parsed url   href: 'grunt-shell@^1.1.2' }
24 verbose cache add name="grunt" spec="^0.4.5" args=["grunt","^0.4.5"]
25 verbose parsed url { protocol: null,
25 verbose parsed url   slashes: null,
25 verbose parsed url   auth: null,
25 verbose parsed url   host: null,
25 verbose parsed url   port: null,
25 verbose parsed url   hostname: null,
25 verbose parsed url   hash: null,
25 verbose parsed url   search: null,
25 verbose parsed url   query: null,
25 verbose parsed url   pathname: '^0.4.5',
25 verbose parsed url   path: '^0.4.5',
25 verbose parsed url   href: '^0.4.5' }
26 verbose addNamed [ 'grunt', '^0.4.5' ]
27 verbose addNamed [ null, '>=0.4.5-0 <0.5.0-0' ]
28 verbose cache add name="grunt-browserify" spec="^4.0.1" args=["grunt-browserify","^4.0.1"]
29 verbose parsed url { protocol: null,
29 verbose parsed url   slashes: null,
29 verbose parsed url   auth: null,
29 verbose parsed url   host: null,
29 verbose parsed url   port: null,
29 verbose parsed url   hostname: null,
29 verbose parsed url   hash: null,
29 verbose parsed url   search: null,
29 verbose parsed url   query: null,
29 verbose parsed url   pathname: '^4.0.1',
29 verbose parsed url   path: '^4.0.1',
29 verbose parsed url   href: '^4.0.1' }
30 verbose addNamed [ 'grunt-browserify', '^4.0.1' ]
31 verbose addNamed [ null, '>=4.0.1-0 <5.0.0-0' ]
32 verbose cache add name="grunt-contrib-watch" spec="^0.6.1" args=["grunt-contrib-watch","^0.6.1"]
33 verbose parsed url { protocol: null,
33 verbose parsed url   slashes: null,
33 verbose parsed url   auth: null,
33 verbose parsed url   host: null,
33 verbose parsed url   port: null,
33 verbose parsed url   hostname: null,
33 verbose parsed url   hash: null,
33 verbose parsed url   search: null,
33 verbose parsed url   query: null,
33 verbose parsed url   pathname: '^0.6.1',
33 verbose parsed url   path: '^0.6.1',
33 verbose parsed url   href: '^0.6.1' }
34 verbose addNamed [ 'grunt-contrib-watch', '^0.6.1' ]
35 verbose addNamed [ null, '>=0.6.1-0 <0.7.0-0' ]
36 verbose cache add name="grunt-shell" spec="^1.1.2" args=["grunt-shell","^1.1.2"]
37 verbose parsed url { protocol: null,
37 verbose parsed url   slashes: null,
37 verbose parsed url   auth: null,
37 verbose parsed url   host: null,
37 verbose parsed url   port: null,
37 verbose parsed url   hostname: null,
37 verbose parsed url   hash: null,
37 verbose parsed url   search: null,
37 verbose parsed url   query: null,
37 verbose parsed url   pathname: '^1.1.2',
37 verbose parsed url   path: '^1.1.2',
37 verbose parsed url   href: '^1.1.2' }
38 verbose addNamed [ 'grunt-shell', '^1.1.2' ]
39 verbose addNamed [ null, '>=1.1.2-0 <2.0.0-0' ]
40 silly lockFile 73541f84-grunt-0-4-5 grunt@^0.4.5
41 verbose lock grunt@^0.4.5 /home/fernando/.npm/73541f84-grunt-0-4-5.lock
42 silly lockFile d7bb99c8-grunt-browserify-4-0-1 grunt-browserify@^4.0.1
43 verbose lock grunt-browserify@^4.0.1 /home/fernando/.npm/d7bb99c8-grunt-browserify-4-0-1.lock
44 silly lockFile 224b1ece-grunt-contrib-watch-0-6-1 grunt-contrib-watch@^0.6.1
45 verbose lock grunt-contrib-watch@^0.6.1 /home/fernando/.npm/224b1ece-grunt-contrib-watch-0-6-1.lock
46 silly lockFile 42fbab46-grunt-shell-1-1-2 grunt-shell@^1.1.2
47 verbose lock grunt-shell@^1.1.2 /home/fernando/.npm/42fbab46-grunt-shell-1-1-2.lock
48 silly addNameRange { name: 'grunt', range: '>=0.4.5-0 <0.5.0-0', hasData: false }
49 silly addNameRange { name: 'grunt-browserify',
49 silly addNameRange   range: '>=4.0.1-0 <5.0.0-0',
49 silly addNameRange   hasData: false }
50 silly addNameRange { name: 'grunt-contrib-watch',
50 silly addNameRange   range: '>=0.6.1-0 <0.7.0-0',
50 silly addNameRange   hasData: false }
51 silly addNameRange { name: 'grunt-shell',
51 silly addNameRange   range: '>=1.1.2-0 <2.0.0-0',
51 silly addNameRange   hasData: false }
52 verbose request where is /grunt-browserify
53 verbose request registry http://registry.npmjs.org/
54 verbose request id e3f329f560dd2f62
55 verbose url raw /grunt-browserify
56 verbose url resolving [ 'http://registry.npmjs.org/', './grunt-browserify' ]
57 verbose url resolved http://registry.npmjs.org/grunt-browserify
58 verbose request where is http://registry.npmjs.org/grunt-browserify
59 info trying registry request attempt 1 at 10:22:09
60 verbose etag "3VQ8P4H2XNWKTGJX5A6MSO1Y3"
61 http GET http://registry.npmjs.org/grunt-browserify
62 verbose request where is /grunt
63 verbose request registry http://registry.npmjs.org/
64 verbose url raw /grunt
65 verbose url resolving [ 'http://registry.npmjs.org/', './grunt' ]
66 verbose url resolved http://registry.npmjs.org/grunt
67 verbose request where is http://registry.npmjs.org/grunt
68 info trying registry request attempt 1 at 10:22:09
69 verbose etag "1S6AZSLESD80RDNLWAC22R5MB"
70 http GET http://registry.npmjs.org/grunt
71 verbose request where is /grunt-contrib-watch
72 verbose request registry http://registry.npmjs.org/
73 verbose url raw /grunt-contrib-watch
74 verbose url resolving [ 'http://registry.npmjs.org/', './grunt-contrib-watch' ]
75 verbose url resolved http://registry.npmjs.org/grunt-contrib-watch
76 verbose request where is http://registry.npmjs.org/grunt-contrib-watch
77 info trying registry request attempt 1 at 10:22:09
78 verbose etag "1L6633INHA0FTKU8PFX6Q2WP2"
79 http GET http://registry.npmjs.org/grunt-contrib-watch
80 verbose request where is /grunt-shell
81 verbose request registry http://registry.npmjs.org/
82 verbose url raw /grunt-shell
83 verbose url resolving [ 'http://registry.npmjs.org/', './grunt-shell' ]
84 verbose url resolved http://registry.npmjs.org/grunt-shell
85 verbose request where is http://registry.npmjs.org/grunt-shell
86 info trying registry request attempt 1 at 10:22:09
87 verbose etag "4AIESJ9CRQ41G3G0NKL0EBUHW"
88 http GET http://registry.npmjs.org/grunt-shell
89 http 200 http://registry.npmjs.org/grunt-shell
90 silly registry.get cb [ 200,
90 silly registry.get   { server: 'CouchDB/1.5.0 (Erlang OTP/R16B03)',
90 silly registry.get     etag: '"E9M5UDJYSYO13RF0RR1DL7XQO"',
90 silly registry.get     'content-type': 'application/json',
90 silly registry.get     'cache-control': 'max-age=300',
90 silly registry.get     'content-length': '31709',
90 silly registry.get     'accept-ranges': 'bytes',
90 silly registry.get     date: 'Mon, 29 Feb 2016 16:25:47 GMT',
90 silly registry.get     via: '1.1 varnish',
90 silly registry.get     age: '279',
90 silly registry.get     connection: 'keep-alive',
90 silly registry.get     'x-served-by': 'cache-ord1728-ORD',
90 silly registry.get     'x-cache': 'HIT',
90 silly registry.get     'x-cache-hits': '1',
90 silly registry.get     'x-timer': 'S1456763147.272543,VS0,VE0',
90 silly registry.get     vary: 'Accept' } ]
91 http 200 http://registry.npmjs.org/grunt-contrib-watch
92 silly registry.get cb [ 200,
92 silly registry.get   { server: 'CouchDB/1.5.0 (Erlang OTP/R16B03)',
92 silly registry.get     etag: '"9CE7YTVG16YTAU9O1OXAJ2R42"',
92 silly registry.get     'content-type': 'application/json',
92 silly registry.get     'cache-control': 'max-age=300',
92 silly registry.get     'content-length': '59271',
92 silly registry.get     'accept-ranges': 'bytes',
92 silly registry.get     date: 'Mon, 29 Feb 2016 16:25:47 GMT',
92 silly registry.get     via: '1.1 varnish',
92 silly registry.get     age: '212',
92 silly registry.get     connection: 'keep-alive',
92 silly registry.get     'x-served-by': 'cache-ord1729-ORD',
92 silly registry.get     'x-cache': 'HIT',
92 silly registry.get     'x-cache-hits': '3',
92 silly registry.get     'x-timer': 'S1456763147.269281,VS0,VE0',
92 silly registry.get     vary: 'Accept' } ]
93 silly addNameRange number 2 { name: 'grunt-contrib-watch',
93 silly addNameRange   range: '>=0.6.1-0 <0.7.0-0',
93 silly addNameRange   hasData: true }
94 silly addNameRange versions [ 'grunt-contrib-watch',
94 silly addNameRange   [ '0.1.0',
94 silly addNameRange     '0.1.1',
94 silly addNameRange     '0.1.2',
94 silly addNameRange     '0.1.3',
94 silly addNameRange     '0.1.4',
94 silly addNameRange     '0.2.0',
94 silly addNameRange     '0.3.0',
94 silly addNameRange     '0.3.1',
94 silly addNameRange     '0.4.0',
94 silly addNameRange     '0.4.1',
94 silly addNameRange     '0.4.2',
94 silly addNameRange     '0.4.3',
94 silly addNameRange     '0.4.4',
94 silly addNameRange     '0.5.0',
94 silly addNameRange     '0.5.1',
94 silly addNameRange     '0.5.2',
94 silly addNameRange     '0.5.3',
94 silly addNameRange     '0.6.0',
94 silly addNameRange     '0.6.1',
94 silly addNameRange     '0.2.0-a',
94 silly addNameRange     '0.2.0-rc5',
94 silly addNameRange     '0.2.0-rc7' ] ]
95 verbose addNamed [ 'grunt-contrib-watch', '0.6.1' ]
96 verbose addNamed [ '0.6.1', '0.6.1' ]
97 silly lockFile 08049756-grunt-contrib-watch-0-6-1 grunt-contrib-watch@0.6.1
98 verbose lock grunt-contrib-watch@0.6.1 /home/fernando/.npm/08049756-grunt-contrib-watch-0-6-1.lock
99 silly addNameRange number 2 { name: 'grunt-shell',
99 silly addNameRange   range: '>=1.1.2-0 <2.0.0-0',
99 silly addNameRange   hasData: true }
100 silly addNameRange versions [ 'grunt-shell',
100 silly addNameRange   [ '0.1.0',
100 silly addNameRange     '0.1.1',
100 silly addNameRange     '0.1.2',
100 silly addNameRange     '0.1.3',
100 silly addNameRange     '0.1.4',
100 silly addNameRange     '0.2.0',
100 silly addNameRange     '0.2.1',
100 silly addNameRange     '0.2.2',
100 silly addNameRange     '0.3.0',
100 silly addNameRange     '0.3.1',
100 silly addNameRange     '0.4.0',
100 silly addNameRange     '0.5.0',
100 silly addNameRange     '0.6.0',
100 silly addNameRange     '0.6.1',
100 silly addNameRange     '0.6.2',
100 silly addNameRange     '0.6.4',
100 silly addNameRange     '0.7.0',
100 silly addNameRange     '1.0.0',
100 silly addNameRange     '1.0.1',
100 silly addNameRange     '1.1.0',
100 silly addNameRange     '1.1.1',
100 silly addNameRange     '1.1.2',
100 silly addNameRange     '1.2.0',
100 silly addNameRange     '1.2.1' ] ]
101 verbose addNamed [ 'grunt-shell', '1.2.1' ]
102 verbose addNamed [ '1.2.1', '1.2.1' ]
103 silly lockFile c56ddcf4-grunt-shell-1-2-1 grunt-shell@1.2.1
104 verbose lock grunt-shell@1.2.1 /home/fernando/.npm/c56ddcf4-grunt-shell-1-2-1.lock
105 silly lockFile ec70139c-runt-shell-grunt-shell-1-2-1-tgz http://registry.npmjs.org/grunt-shell/-/grunt-shell-1.2.1.tgz
106 verbose lock http://registry.npmjs.org/grunt-shell/-/grunt-shell-1.2.1.tgz /home/fernando/.npm/ec70139c-runt-shell-grunt-shell-1-2-1-tgz.lock
107 verbose addRemoteTarball [ 'http://registry.npmjs.org/grunt-shell/-/grunt-shell-1.2.1.tgz',
107 verbose addRemoteTarball   '7b75f5eb217f5fc35d9a6af188d02be2e8b5a565' ]
108 info retry fetch attempt 1 at 10:22:09
109 verbose fetch to= /tmp/npm-4340-DQtjv-cj/registry.npmjs.org/grunt-shell/-/grunt-shell-1.2.1.tgz
110 http GET http://registry.npmjs.org/grunt-shell/-/grunt-shell-1.2.1.tgz
111 silly lockFile 08049756-grunt-contrib-watch-0-6-1 grunt-contrib-watch@0.6.1
112 silly lockFile 08049756-grunt-contrib-watch-0-6-1 grunt-contrib-watch@0.6.1
113 silly lockFile 224b1ece-grunt-contrib-watch-0-6-1 grunt-contrib-watch@^0.6.1
114 silly lockFile 224b1ece-grunt-contrib-watch-0-6-1 grunt-contrib-watch@^0.6.1
115 http 200 http://registry.npmjs.org/grunt
116 silly registry.get cb [ 200,
116 silly registry.get   { server: 'CouchDB/1.5.0 (Erlang OTP/R16B03)',
116 silly registry.get     etag: '"83G43EPKXA1HGGXK1ETZTZ56P"',
116 silly registry.get     'content-type': 'application/json',
116 silly registry.get     'cache-control': 'max-age=300',
116 silly registry.get     'content-length': '93969',
116 silly registry.get     'accept-ranges': 'bytes',
116 silly registry.get     date: 'Mon, 29 Feb 2016 16:25:47 GMT',
116 silly registry.get     via: '1.1 varnish',
116 silly registry.get     age: '109',
116 silly registry.get     connection: 'keep-alive',
116 silly registry.get     'x-served-by': 'cache-ord1720-ORD',
116 silly registry.get     'x-cache': 'HIT',
116 silly registry.get     'x-cache-hits': '495',
116 silly registry.get     'x-timer': 'S1456763147.272915,VS0,VE0',
116 silly registry.get     vary: 'Accept' } ]
117 silly addNameRange number 2 { name: 'grunt', range: '>=0.4.5-0 <0.5.0-0', hasData: true }
118 silly addNameRange versions [ 'grunt',
118 silly addNameRange   [ '0.1.0',
118 silly addNameRange     '0.1.1',
118 silly addNameRange     '0.1.2',
118 silly addNameRange     '0.2.0',
118 silly addNameRange     '0.2.1',
118 silly addNameRange     '0.2.2',
118 silly addNameRange     '0.2.3',
118 silly addNameRange     '0.2.4',
118 silly addNameRange     '0.2.5',
118 silly addNameRange     '0.2.6',
118 silly addNameRange     '0.2.7',
118 silly addNameRange     '0.2.8',
118 silly addNameRange     '0.2.9',
118 silly addNameRange     '0.2.10',
118 silly addNameRange     '0.2.11',
118 silly addNameRange     '0.2.12',
118 silly addNameRange     '0.2.13',
118 silly addNameRange     '0.2.14',
118 silly addNameRange     '0.2.15',
118 silly addNameRange     '0.3.0',
118 silly addNameRange     '0.3.1',
118 silly addNameRange     '0.3.2',
118 silly addNameRange     '0.3.3',
118 silly addNameRange     '0.3.4',
118 silly addNameRange     '0.3.5',
118 silly addNameRange     '0.3.6',
118 silly addNameRange     '0.3.7',
118 silly addNameRange     '0.3.8',
118 silly addNameRange     '0.3.9',
118 silly addNameRange     '0.3.10',
118 silly addNameRange     '0.3.11',
118 silly addNameRange     '0.3.12',
118 silly addNameRange     '0.3.13',
118 silly addNameRange     '0.3.14',
118 silly addNameRange     '0.3.15',
118 silly addNameRange     '0.3.16',
118 silly addNameRange     '0.3.17',
118 silly addNameRange     '0.4.0',
118 silly addNameRange     '0.4.1',
118 silly addNameRange     '0.4.2',
118 silly addNameRange     '0.4.3',
118 silly addNameRange     '0.4.4',
118 silly addNameRange     '0.4.5',
118 silly addNameRange     '1.0.0-rc1',
118 silly addNameRange     '0.3.13-a',
118 silly addNameRange     '0.4.0-a',
118 silly addNameRange     '0.4.0-rc1',
118 silly addNameRange     '0.4.0-rc2',
118 silly addNameRange     '0.4.0-rc3',
118 silly addNameRange     '0.4.0-rc4',
118 silly addNameRange     '0.4.0-rc5',
118 silly addNameRange     '0.4.0-rc6',
118 silly addNameRange     '0.4.0-rc7',
118 silly addNameRange     '0.4.0-rc8' ] ]
119 verbose addNamed [ 'grunt', '0.4.5' ]
120 verbose addNamed [ '0.4.5', '0.4.5' ]
121 silly lockFile 81abf7ad-grunt-0-4-5 grunt@0.4.5
122 verbose lock grunt@0.4.5 /home/fernando/.npm/81abf7ad-grunt-0-4-5.lock
123 silly lockFile 81abf7ad-grunt-0-4-5 grunt@0.4.5
124 silly lockFile 81abf7ad-grunt-0-4-5 grunt@0.4.5
125 silly lockFile 73541f84-grunt-0-4-5 grunt@^0.4.5
126 silly lockFile 73541f84-grunt-0-4-5 grunt@^0.4.5
127 http 200 http://registry.npmjs.org/grunt-shell/-/grunt-shell-1.2.1.tgz
128 silly lockFile ec70139c-runt-shell-grunt-shell-1-2-1-tgz http://registry.npmjs.org/grunt-shell/-/grunt-shell-1.2.1.tgz
129 silly lockFile ec70139c-runt-shell-grunt-shell-1-2-1-tgz http://registry.npmjs.org/grunt-shell/-/grunt-shell-1.2.1.tgz
130 silly lockFile c56ddcf4-grunt-shell-1-2-1 grunt-shell@1.2.1
131 silly lockFile c56ddcf4-grunt-shell-1-2-1 grunt-shell@1.2.1
132 silly lockFile 42fbab46-grunt-shell-1-1-2 grunt-shell@^1.1.2
133 silly lockFile 42fbab46-grunt-shell-1-1-2 grunt-shell@^1.1.2
134 http 200 http://registry.npmjs.org/grunt-browserify
135 silly registry.get cb [ 200,
135 silly registry.get   { server: 'CouchDB/1.5.0 (Erlang OTP/R16B03)',
135 silly registry.get     etag: '"5683YCFTF7L92TFPBHUP88HY9"',
135 silly registry.get     'content-type': 'application/json',
135 silly registry.get     'cache-control': 'max-age=300',
135 silly registry.get     'content-length': '88312',
135 silly registry.get     'accept-ranges': 'bytes',
135 silly registry.get     date: 'Mon, 29 Feb 2016 16:25:47 GMT',
135 silly registry.get     via: '1.1 varnish',
135 silly registry.get     age: '0',
135 silly registry.get     connection: 'keep-alive',
135 silly registry.get     'x-served-by': 'cache-ord1729-ORD',
135 silly registry.get     'x-cache': 'HIT',
135 silly registry.get     'x-cache-hits': '1',
135 silly registry.get     'x-timer': 'S1456763147.274510,VS0,VE260',
135 silly registry.get     vary: 'Accept' } ]
136 silly addNameRange number 2 { name: 'grunt-browserify',
136 silly addNameRange   range: '>=4.0.1-0 <5.0.0-0',
136 silly addNameRange   hasData: true }
137 silly addNameRange versions [ 'grunt-browserify',
137 silly addNameRange   [ '0.1.0',
137 silly addNameRange     '0.1.1',
137 silly addNameRange     '0.1.2',
137 silly addNameRange     '0.1.3',
137 silly addNameRange     '0.2.0',
137 silly addNameRange     '0.2.1',
137 silly addNameRange     '0.2.2',
137 silly addNameRange     '0.2.3',
137 silly addNameRange     '0.2.4',
137 silly addNameRange     '0.2.5',
137 silly addNameRange     '1.0.0',
137 silly addNameRange     '1.0.1',
137 silly addNameRange     '1.0.2',
137 silly addNameRange     '1.0.3',
137 silly addNameRange     '1.0.4',
137 silly addNameRange     '1.0.5',
137 silly addNameRange     '1.1.1',
137 silly addNameRange     '1.2.0',
137 silly addNameRange     '1.2.1',
137 silly addNameRange     '1.2.2',
137 silly addNameRange     '1.2.3',
137 silly addNameRange     '1.2.4',
137 silly addNameRange     '1.2.5',
137 silly addNameRange     '1.2.6',
137 silly addNameRange     '1.2.7',
137 silly addNameRange     '1.2.8',
137 silly addNameRange     '1.2.9',
137 silly addNameRange     '1.2.10',
137 silly addNameRange     '1.2.11',
137 silly addNameRange     '1.2.12',
137 silly addNameRange     '1.3.0',
137 silly addNameRange     '1.3.1',
137 silly addNameRange     '1.3.2',
137 silly addNameRange     '2.0.1',
137 silly addNameRange     '2.0.3',
137 silly addNameRange     '2.0.5',
137 silly addNameRange     '2.0.6',
137 silly addNameRange     '2.0.7',
137 silly addNameRange     '2.0.8',
137 silly addNameRange     '2.1.0',
137 silly addNameRange     '2.1.1',
137 silly addNameRange     '2.1.2',
137 silly addNameRange     '2.1.3',
137 silly addNameRange     '2.1.4',
137 silly addNameRange     '3.0.0',
137 silly addNameRange     '3.0.1',
137 silly addNameRange     '3.1.0',
137 silly addNameRange     '3.2.0',
137 silly addNameRange     '3.2.1',
137 silly addNameRange     '3.3.0',
137 silly addNameRange     '3.4.0',
137 silly addNameRange     '3.5.0',
137 silly addNameRange     '3.5.1',
137 silly addNameRange     '3.6.0',
137 silly addNameRange     '3.7.0',
137 silly addNameRange     '3.8.0',
137 silly addNameRange     '4.0.0',
137 silly addNameRange     '4.0.1' ] ]
138 verbose addNamed [ 'grunt-browserify', '4.0.1' ]
139 verbose addNamed [ '4.0.1', '4.0.1' ]
140 silly lockFile 33a43797-grunt-browserify-4-0-1 grunt-browserify@4.0.1
141 verbose lock grunt-browserify@4.0.1 /home/fernando/.npm/33a43797-grunt-browserify-4-0-1.lock
142 silly lockFile 33a43797-grunt-browserify-4-0-1 grunt-browserify@4.0.1
143 silly lockFile 33a43797-grunt-browserify-4-0-1 grunt-browserify@4.0.1
144 silly lockFile d7bb99c8-grunt-browserify-4-0-1 grunt-browserify@^4.0.1
145 silly lockFile d7bb99c8-grunt-browserify-4-0-1 grunt-browserify@^4.0.1
146 error Error: EACCES, mkdir '/home/fernando/.npm/grunt-shell/1.2.1'
146 error  { [Error: EACCES, mkdir '/home/fernando/.npm/grunt-shell/1.2.1']
146 error   errno: 3,
146 error   code: 'EACCES',
146 error   path: '/home/fernando/.npm/grunt-shell/1.2.1',
146 error   parent: 'Memorama' }
147 error Please try running this command again as root/Administrator.
148 error System Linux 3.13.0-32-generic
149 error command "/usr/bin/node" "/usr/bin/npm" "install"
150 error cwd /home/fernando/Documentos/programacion/javascript/memorama
151 error node -v v0.10.36
152 error npm -v 1.4.28
153 error path /home/fernando/.npm/grunt-shell/1.2.1
154 error code EACCES
155 error errno 3
156 error stack Error: EACCES, mkdir '/home/fernando/.npm/grunt-shell/1.2.1'
157 verbose exit [ 3, true ]
